C51 COMPILER V9.02   TIMER_CLOCK                                                           03/22/2018 23:22:56 PAGE 1   


C51 COMPILER V9.02, COMPILATION OF MODULE TIMER_CLOCK
OBJECT MODULE PLACED IN ..\Output\Timer_Clock.obj
COMPILER INVOKED BY: C:\Keil\C51\BIN\C51.EXE ..\Code\DirverCode\Timer_Clock.C BROWSE INCDIR(..\Code\DeveloperCode\inc;..
                    -\Code\DirverCode\inc;..\Code\Public\inc) DEBUG OBJECTEXTEND PRINT(..\Listing\Timer_Clock.lst) OBJECT(..\Output\Timer_Clo
                    -ck.obj)

line level    source

   1          /* *******************************************************************************************
   2          // Author:              biu~
   3          // Last Date:   2018/03/22
   4          // 基于定时器的时钟；
   5          /* ******************************************************************************************* */
   6          
   7          #include "Timer_Clock.H"
   8          
   9          u8 Hour, Min, Sec;      //时分秒；
  10          u16 Chronograph;        //计时计次；
  11          
  12          /* *******************************************************************************************
  13          // 时间时钟初始化，包括时分秒的初始化及对 计时计次 参数的计算；
  14          /* ******************************************************************************************* */
  15          void Timer_Clock_Init()
  16          {
  17   1              Hour = 0;
  18   1              Min = 0;
  19   1              Sec = 0;
  20   1              Chronograph = _1S / TIME_BASE;  
  21   1      }
  22          
  23          /* *******************************************************************************************
  24          // 时间时钟计时函数；
  25          /* ******************************************************************************************* */
  26          void Timer_Clock()
  27          {
  28   1              static u16 cP;
  29   1              if (++ cP >= Chronograph)
  30   1              {
  31   2                      cP = 0;
  32   2                      if (++ Sec >= 60)
  33   2                      {
  34   3                              Sec = 0;
  35   3                              if (++ Min >= 60)
  36   3                              {
  37   4                                      Min = 0;
  38   4                                      if (++ Hour >= 24)
  39   4                                      {
  40   5                                              Hour = 0;
  41   5                                      }
  42   4                              }
  43   3                      }
  44   2              }
  45   1                      
  46   1      }


MODULE INFORMATION:   STATIC OVERLAYABLE
   CODE SIZE        =     69    ----
   CONSTANT SIZE    =   ----    ----
   XDATA SIZE       =   ----    ----
   PDATA SIZE       =   ----    ----
C51 COMPILER V9.02   TIMER_CLOCK                                                           03/22/2018 23:22:56 PAGE 2   

   DATA SIZE        =      7    ----
   IDATA SIZE       =   ----    ----
   BIT SIZE         =   ----    ----
END OF MODULE INFORMATION.


C51 COMPILATION COMPLETE.  0 WARNING(S),  0 ERROR(S)
