C51 COMPILER V9.02   DIS                                                                   03/23/2018 21:00:22 PAGE 1   


C51 COMPILER V9.02, COMPILATION OF MODULE DIS
OBJECT MODULE PLACED IN ..\Output\Dis.obj
COMPILER INVOKED BY: C:\Keil\C51\BIN\C51.EXE ..\Code\DeveloperCode\Dis.C BROWSE INCDIR(..\Code\DeveloperCode\inc;..\Code
                    -\DirverCode\inc;..\Code\Public\inc) DEBUG OBJECTEXTEND PRINT(..\Listing\Dis.lst) OBJECT(..\Output\Dis.obj)

line level    source

   1          
   2          #include "Dis.H"
   3          
   4          enum {
   5              autoModeDis,            //工作模式为自动时的显示内容；
   6              manualModeDis,          //工作模式为手动时的显示内容；
   7              adjustHourDis,          //调节时间 Hour 的显示内容；
   8              adjustMinDis,           //调节时间 Min 的显示内容；
   9              adjustSecDis,           //调节时间 Sec 的显示内容；
  10              adjustHumidLimitDis,    //调节湿度阈值显示；
  11          } DisMode = autoModeDis;    //商店默认自动模式对应的数据显示；
  12          /* *******************************************************************************************
  13          // 显示系统自检：
  14          /* ******************************************************************************************* */
  15          void Dis_SysSelftest()
  16          {
  17   1          LCD1602_Clear();
  18   1          LCD1602_DisString("System Self-test:");   
  19   1          LCD1602_GoTo_yx(2,0);
  20   1      }
  21          
  22          /* *******************************************************************************************
  23          // 显示加载进度条：
  24          // Input：读取到的AD值，Day/Night选择；
  25          /* ******************************************************************************************* */
  26          void Dis_Its_Daytime_Not_Night(u8 temp_ad, bit sw)
  27          {
  28   1          LCD1602_Clear();
  29   1          if (sw == TRUE)
  30   1          {
  31   2              LCD1602_DisString("It's Daytime,"); 
  32   2          }
  33   1          else
  34   1          {
  35   2              LCD1602_DisString("It's Night,");  
  36   2          }
  37   1      #ifdef DeveloperMode
  38   1          LCD1602_GoTo_yx(2,0);
  39   1          LCD1602_DisNum(temp_ad/100); 
  40   1          LCD1602_DisNum(temp_ad); 
  41   1      #elif
                  temp_ad ++;       //防止出现定义了参数却未使用的警告；
                  temp_ad --;
              #endif
  45   1          LCD1602_GoTo_yx(2,9);
  46   1          LCD1602_DisString("Right?"); 
  47   1      }
  48          
  49          /* *******************************************************************************************
  50          // 显示加载进度条：
  51          // Input：要显示的黑块数量
  52          /* ******************************************************************************************* */
  53          void Dis_ProgressBar(u8 num)
  54          {
C51 COMPILER V9.02   DIS                                                                   03/23/2018 21:00:22 PAGE 2   

  55   1          u8 i;
  56   1          for (i=0; i<num; i++)
  57   1          {
  58   2              WriteOneData(BLACK_BLOCK);
  59   2              DelayMS(80);   
  60   2          }
  61   1      }
  62          
  63          /* *******************************************************************************************
  64          // 显示初始化过程：
  65          // Input：要显示的黑块数量
  66          /* ******************************************************************************************* */
  67          void Dis_init_()
  68          {
  69   1          LCD1602_Clear();
  70   1          LCD1602_DisString("System Init:");   
  71   1          LCD1602_GoTo_yx(2,0);
  72   1      }
  73          
  74          /* *******************************************************************************************
  75          // 自动模式的显示内容：
  76          /* ******************************************************************************************* */
  77          void Dis_Auto_or_ManualMode(bit a_not_m)
  78          {
  79   1          u8 i;
  80   1          LCD1602_Clear();
  81   1          LCD1602_DisString("H:");   
  82   1          LCD1602_DisNum(Humidity);
  83   1          WriteOneData('%');   
  84   1          if (a_not_m == TRUE)
  85   1          {
  86   2              for (i=0; i<(16-5-sizeof("Auto")); i++)
  87   2              {
  88   3                  WriteOneData(' ');   
  89   3              }
  90   2              LCD1602_DisString("Auto");
  91   2          }
  92   1          else
  93   1          {
  94   2              for (i=0; i<(16-5-sizeof("Manual")); i++)
  95   2              {
  96   3                  WriteOneData(' ');   
  97   3              }
  98   2              LCD1602_DisString("Manual");
  99   2          }
 100   1          LCD1602_GoTo_yx(2,0);
 101   1          LCD1602_DisString("Time: ");
 102   1          LCD1602_DisNum(Hour);   
 103   1          WriteOneData(':');
 104   1          LCD1602_DisNum(Min);   
 105   1          WriteOneData(':');
 106   1          LCD1602_DisNum(Sec);   
 107   1      }


MODULE INFORMATION:   STATIC OVERLAYABLE
   CODE SIZE        =    245    ----
   CONSTANT SIZE    =     86    ----
   XDATA SIZE       =   ----    ----
   PDATA SIZE       =   ----    ----
   DATA SIZE        =      1       4
   IDATA SIZE       =   ----    ----
C51 COMPILER V9.02   DIS                                                                   03/23/2018 21:00:22 PAGE 3   

   BIT SIZE         =   ----       2
END OF MODULE INFORMATION.


C51 COMPILATION COMPLETE.  0 WARNING(S),  0 ERROR(S)
