C51 COMPILER V9.02   PBDATA                                                                03/23/2018 23:24:38 PAGE 1   


C51 COMPILER V9.02, COMPILATION OF MODULE PBDATA
OBJECT MODULE PLACED IN ..\Output\PBDATA.obj
COMPILER INVOKED BY: C:\Keil\C51\BIN\C51.EXE ..\Code\Public\PBDATA.C BROWSE INCDIR(..\Code\DeveloperCode\inc;..\Code\Dir
                    -verCode\inc;..\Code\Public\inc) DEBUG OBJECTEXTEND PRINT(..\Listing\PBDATA.lst) OBJECT(..\Output\PBDATA.obj)

line level    source

   1          /* *******************************************************************************************
   2          // Author:              biu~
   3          // Last Date:   2018/03/23
   4          // 公共调用函数，头文件中对公共引用数据进行声明；
   5          /* ******************************************************************************************* */
   6          
   7          #include "PBDATA.H"
   8          
   9          /*const u8 code W_Scan[8] = {0x80,0x40,0x20,0x10,0x08,0x04,0x02,0x01};                          //*** WARNING L16: UNCALLED SEGM
             -ENT, IGNORED FOR OVERLAY PROCESS
  10          //const u8 code W_Scan[8] = {0x01,0x02,0x04,0x08,0x10,0x20,0x40,0x80};          
  11          const u8 code Seg_7[11] = {0xC0,0xF9,0xA4,0xB0,0x99,0x92,0x82,0xF8,0x80,0x90,0xFF};     //    SEGMENT: ?CO?PBD
             -ATA，在Code区定义了数组，但没有被调用；
  12           */
  13          /* *******************************************************************************************
  14          // 延时1US，一般用于驱动中改变引脚电平状态后微量延时；
  15          /* ******************************************************************************************* */
  16          void Delay1US()         //@24.000MHz
  17          {
  18   1              _nop_();
  19   1      }
  20          
  21          /* *******************************************************************************************
  22          // 系统状态提示灯闪烁
  23          /* ******************************************************************************************* */
  24          void TestCode()
  25          {
  26   1      #ifdef DeveloperMode
  27   1          SysLED_On();
  28   1          DelayMS(500);
  29   1          SysLED_Off();
  30   1      #endif
  31   1              _nop_();
  32   1      }
  33          
  34          /* *******************************************************************************************
  35          // US级延时
  36          /* ******************************************************************************************* */
  37          void DelayUS(u16 x)
  38          { 
  39   1              u8 y;
  40   1              while (x--)
  41   1                      for (y=0; y<PARAMETER_US; y++); 
  42   1      }
  43          
  44          /* *******************************************************************************************
  45          // MS级CPU延时
  46          /* ******************************************************************************************* */
  47          void DelayMS(u16 x)
  48          {
  49   1              u16 y;
  50   1              while (x--)
  51   1                      for (y=0; y<PARAMETER_MS; y++); 
  52   1      }
C51 COMPILER V9.02   PBDATA                                                                03/23/2018 23:24:38 PAGE 2   

  53          
  54          /* *******************************************************************************************
  55          // 系统状态提示灯闪烁
  56          /* ******************************************************************************************* */
  57          void SysLED_Flash(u16 time, u8 times)
  58          {
  59   1          u8 i;
  60   1          for (i=0; i<times; i++)
  61   1          {
  62   2              SysLED_On();
  63   2              DelayMS(time);
  64   2              SysLED_Off();
  65   2              DelayMS(time);
  66   2          }
  67   1      }


MODULE INFORMATION:   STATIC OVERLAYABLE
   CODE SIZE        =    102    ----
   CONSTANT SIZE    =   ----    ----
   XDATA SIZE       =   ----    ----
   PDATA SIZE       =   ----    ----
   DATA SIZE        =   ----    ----
   IDATA SIZE       =   ----    ----
   BIT SIZE         =   ----    ----
END OF MODULE INFORMATION.


C51 COMPILATION COMPLETE.  0 WARNING(S),  0 ERROR(S)
