C51 COMPILER V9.02   PCF8591                                                               03/25/2018 21:11:17 PAGE 1   


C51 COMPILER V9.02, COMPILATION OF MODULE PCF8591
OBJECT MODULE PLACED IN ..\Output\PCF8591.obj
COMPILER INVOKED BY: C:\Keil\C51\BIN\C51.EXE ..\Code\DirverCode\PCF8591.C BROWSE INCDIR(..\Code\DeveloperCode\inc;..\Cod
                    -e\DirverCode\inc;..\Code\Public\inc) DEBUG OBJECTEXTEND PRINT(..\Listing\PCF8591.lst) OBJECT(..\Output\PCF8591.obj)

line level    source

   1          /* *******************************************************************************************
   2          // Author:      biu~
   3          // Last Date:   2018/03/22
   4          // 蓝桥杯国赛驱动，添加注释及DA转换驱动；
   5          /* ******************************************************************************************* */
   6          
   7          #include "PCF8591.H"
   8          
   9          /* *******************************************************************************************
  10          // 初始化一个端口，后续调用Read函数进行读取：
  11          /* ******************************************************************************************* */
  12          void PCF8591_Con_Init(u8 con)
  13          {
  14   1          I2C_Start();
  15   1          I2C_Send_Byte(WRITE_PCF8591);
  16   1          I2C_Send_Byte(con);
  17   1          I2C_Stop();
  18   1      }
  19          
  20          /* *******************************************************************************************
  21          // 将Init函数定义的端口AD读出：
  22          /* ******************************************************************************************* */
  23          u8 Read_PCF8591()
  24          {
  25   1          u8 recv_data;
  26   1          I2C_Start();
  27   1          I2C_Send_Byte(READ_PCF8591);
  28   1          DelayUS(3);
  29   1          recv_data = I2C_Recv_Byte();
  30   1          I2C_Stop();
  31   1          return recv_data;
  32   1      }
  33          
  34          /* *******************************************************************************************
  35          // DA输出
  36          /* ******************************************************************************************* */
  37          //void DAout_PCF8591(u8 con, u8 dat)  //DA转换
  38          //{
  39          //    I2C_Start();
  40          //    I2C_Send_Byte(WRITE_PCF8591);
  41          //    I2C_Send_Byte(con);
  42          //    I2C_Send_Byte(dat);
  43          //    I2C_Stop();
  44          //}


MODULE INFORMATION:   STATIC OVERLAYABLE
   CODE SIZE        =     44    ----
   CONSTANT SIZE    =   ----    ----
   XDATA SIZE       =   ----    ----
   PDATA SIZE       =   ----    ----
   DATA SIZE        =   ----       2
   IDATA SIZE       =   ----    ----
   BIT SIZE         =   ----    ----
C51 COMPILER V9.02   PCF8591                                                               03/25/2018 21:11:17 PAGE 2   

END OF MODULE INFORMATION.


C51 COMPILATION COMPLETE.  0 WARNING(S),  0 ERROR(S)
