C51 COMPILER V9.02   SEPARATEDIS                                                           03/25/2018 21:11:17 PAGE 1   


C51 COMPILER V9.02, COMPILATION OF MODULE SEPARATEDIS
OBJECT MODULE PLACED IN ..\Output\SeparateDis.obj
COMPILER INVOKED BY: C:\Keil\C51\BIN\C51.EXE ..\Code\DeveloperCode\SeparateDis.C BROWSE INCDIR(..\Code\DeveloperCode\inc
                    -;..\Code\DirverCode\inc;..\Code\Public\inc) DEBUG OBJECTEXTEND PRINT(..\Listing\SeparateDis.lst) OBJECT(..\Output\Separa
                    -teDis.obj)

line level    source

   1          
   2          #include "SeparateDis.H"
   3          
   4          /* *******************************************************************************************
   5          // 显示系统自检：
   6          /* ******************************************************************************************* */
   7          void Dis_SysSelftest()
   8          {
   9   1          LCD1602_Clear();
  10   1          LCD1602_DisString("System Self-test:");   
  11   1          LCD1602_GoTo_yx(2,0);
  12   1      }
  13          
  14          /* *******************************************************************************************
  15          // 显示加载进度条：
  16          // Input：读取到的AD值，Day/Night选择；
  17          /* ******************************************************************************************* */
  18          void Dis_Its_Daytime_Not_Night(u8 temp_ad, bit sw)
  19          {
  20   1          LCD1602_Clear();
  21   1          if (sw == TRUE)
  22   1          {
  23   2              LCD1602_DisString("It's Daytime,"); 
  24   2          }
  25   1          else
  26   1          {
  27   2              LCD1602_DisString("It's Night,");  
  28   2          }
  29   1      #ifndef DeveloperMode
  30   1          LCD1602_GoTo_yx(2,0);
  31   1          LCD1602_DisNum(temp_ad/100); 
  32   1          LCD1602_DisNum(temp_ad); 
  33   1      #else
                  temp_ad ++;       //防止出现定义了参数却未使用的警告；
                  temp_ad --;
              #endif
  37   1          LCD1602_GoTo_yx(2,9);
  38   1          LCD1602_DisString("Right?"); 
  39   1      }
  40          
  41          /* *******************************************************************************************
  42          // 显示加载进度条：
  43          // Input：要显示的黑块数量
  44          /* ******************************************************************************************* */
  45          void Dis_ProgressBar(u8 num)
  46          {
  47   1          u8 i;
  48   1          for (i=0; i<num; i++)
  49   1          {
  50   2              WriteOneData(BLACK_BLOCK);
  51   2              DelayMS(80);   
  52   2          }
  53   1      }
C51 COMPILER V9.02   SEPARATEDIS                                                           03/25/2018 21:11:17 PAGE 2   

  54          
  55          /* *******************************************************************************************
  56          // 显示初始化过程：
  57          // Input：要显示的黑块数量
  58          /* ******************************************************************************************* */
  59          void Dis_init_()
  60          {
  61   1          LCD1602_Clear();
  62   1          LCD1602_DisString("System Init:");   
  63   1          LCD1602_GoTo_yx(2,0);
  64   1      }
  65          
  66          /* *******************************************************************************************
  67          // 自动或手动模式的显示内容：
  68          /* ******************************************************************************************* */
  69          void Dis_Auto_not_ManualMode(bit a_not_m)
  70          {
  71   1      //    u8 i;
  72   1          LCD1602_GoTo_yx(1,0);
  73   1          LCD1602_DisString("H:");   
  74   1          LCD1602_DisNum(Humidity/100);
  75   1          LCD1602_DisNum(Humidity);
  76   1          WriteOneData('%');   
  77   1      //    LCD1602_DisNum(Read_PCF8591()/100);
  78   1      //    LCD1602_DisNum(Read_PCF8591());
  79   1          if (a_not_m == TRUE)
  80   1          {
  81   2      //        for (i=0; i<(16-5-sizeof("Auto")); i++)
  82   2      //        {
  83   2      //            WriteOneData(' ');   
  84   2      //        }
  85   2      //        LCD1602_DisString("Auto");
  86   2              LCD1602_DisString("     Auto");
  87   2          }
  88   1          else
  89   1          {
  90   2      //        for (i=0; i<(16-5-sizeof("Manual")); i++)
  91   2      //        {
  92   2      //            WriteOneData(' ');   
  93   2      //        }
  94   2      //        LCD1602_DisString("Manual");
  95   2              LCD1602_DisString("   Manual");
  96   2          }
  97   1          LCD1602_GoTo_yx(2,0);
  98   1          LCD1602_DisString("Time: ");
  99   1          LCD1602_DisNum(Hour);   
 100   1          WriteOneData(':');
 101   1          LCD1602_DisNum(Min);   
 102   1          WriteOneData(':');
 103   1          LCD1602_DisNum(Sec);   
 104   1      }
 105          /* *******************************************************************************************
 106          // 调节数据时的显示内容：
 107          // 参数1：宏定义，时，分，秒，或湿度阈值；
 108          // 参数2：当前值；
 109          /* ******************************************************************************************* */
 110          void AdjustmentDataDis(u8 choose, num_data)
 111          {
 112   1          LCD1602_GoTo_yx(1,0);
 113   1          LCD1602_DisString("Set:");
 114   1          switch (choose)
 115   1          {
C51 COMPILER V9.02   SEPARATEDIS                                                           03/25/2018 21:11:17 PAGE 3   

 116   2              case HOUR:LCD1602_DisString("Hour = ");
 117   2                  break;
 118   2              case MIN: LCD1602_DisString("Min = ");
 119   2                  break;
 120   2              case SEC: LCD1602_DisString("Sec = ");
 121   2                  break;
 122   2              case HUMIDLIMIT:LCD1602_DisString("H_Limit = ");
 123   2                  break;
 124   2              default:
 125   2                  break;
 126   2          }
 127   1          LCD1602_DisNum(num_data);
 128   1          LCD1602_GoTo_yx(2,0);
 129   1          switch (choose)
 130   1          {
 131   2              case SEC: LCD1602_DisString("S1,S2: Set zero");
 132   2                  break;
 133   2              default: LCD1602_DisString("S1: Inc, S2: Dec");
 134   2                  break;
 135   2          }    
 136   1      }


MODULE INFORMATION:   STATIC OVERLAYABLE
   CODE SIZE        =    330    ----
   CONSTANT SIZE    =    165    ----
   XDATA SIZE       =   ----    ----
   PDATA SIZE       =   ----    ----
   DATA SIZE        =   ----       6
   IDATA SIZE       =   ----    ----
   BIT SIZE         =   ----       2
END OF MODULE INFORMATION.


C51 COMPILATION COMPLETE.  0 WARNING(S),  0 ERROR(S)
