C51 COMPILER V9.02   TIME_BASE                                                             03/26/2018 09:12:34 PAGE 1   


C51 COMPILER V9.02, COMPILATION OF MODULE TIME_BASE
OBJECT MODULE PLACED IN ..\Output\TIME_BASE.obj
COMPILER INVOKED BY: C:\Keil\C51\BIN\C51.EXE ..\Code\Public\TIME_BASE.C BROWSE INCDIR(..\Code\DeveloperCode\inc;..\Code\
                    -DirverCode\inc;..\Code\Public\inc) DEBUG OBJECTEXTEND PRINT(..\Listing\TIME_BASE.lst) OBJECT(..\Output\TIME_BASE.obj)

line level    source

   1          /* *******************************************************************************************
   2          // Author:              biu~
   3          // Last Date:   2018/02/XX
   4          // 以定时器溢出为时间基准，周期性的调用的函数
   5          // 时基处理部分，及时基处理初始化
   6          /* ******************************************************************************************* */
   7          
   8          #include "TIME_BASE.H"
   9          
  10          /* *******************************************************************************************
  11          // 时基时钟初始化
  12          /* ******************************************************************************************* */
  13          // 利用STC-ISP软件导出此函数：
  14          static void Timer0Init(void)            //5毫秒@12.000MHz
  15          {
  16   1              AUXR &= 0x7F;           //定时器时钟12T模式
  17   1              TMOD &= 0xF0;           //设置定时器模式
  18   1              TMOD |= 0x01;           //设置定时器模式
  19   1              TL0 = 0x78;             //设置定时初值
  20   1              TH0 = 0xEC;             //设置定时初值
  21   1              TF0 = 0;                //清除TF0标志
  22   1              TR0 = 1;                //定时器0开始计时
  23   1      }
  24          
  25          // 时基定时器初始化并开启中断总开关：
  26          void InitInterrupt()
  27          {
  28   1      #ifdef T_0
  29   1              Timer0Init();
  30   1              ET0 = 1;
  31   1      #else
                      #ifdef T_1
                              Timer1Init();
                              ET1 = 1;
                      #else
                              #ifdef T_2
                                      Timer2Init();
                                      IE2 |= 0x04;
                              #endif
                      #endif
              #endif
  42   1              EA = 1;
  43   1      }
  44          
  45          /* *******************************************************************************************
  46          // 时基处理部分
  47          /* ******************************************************************************************* */
  48          void Timer_TimeBase_Isr () interrupt 1 using 1
  49          {
  50   1              static u16 cp;
  51   1              TL0 = 0x78;
  52   1              TH0 = 0xEC;
  53   1              if (++ cp > OVERFLOW_TIMES)
  54   1              {
C51 COMPILER V9.02   TIME_BASE                                                             03/26/2018 09:12:34 PAGE 2   

  55   2                      cp = 0;
  56   2                      // 以OVERFLOW_TIMES为时基：
  57   2                      Timer_Clock();      //时间时钟计时函数；
  58   2              }
  59   1              // 以定时器溢出时长为时基：
  60   1      
  61   1      }


MODULE INFORMATION:   STATIC OVERLAYABLE
   CODE SIZE        =     92    ----
   CONSTANT SIZE    =   ----    ----
   XDATA SIZE       =   ----    ----
   PDATA SIZE       =   ----    ----
   DATA SIZE        =      2    ----
   IDATA SIZE       =   ----    ----
   BIT SIZE         =   ----    ----
END OF MODULE INFORMATION.


C51 COMPILATION COMPLETE.  0 WARNING(S),  0 ERROR(S)
