C51 COMPILER V9.02   TIMER_CLOCK                                                           03/24/2018 11:29:26 PAGE 1   


C51 COMPILER V9.02, COMPILATION OF MODULE TIMER_CLOCK
OBJECT MODULE PLACED IN ..\Output\Timer_Clock.obj
COMPILER INVOKED BY: C:\Keil\C51\BIN\C51.EXE ..\Code\DirverCode\Timer_Clock.C BROWSE INCDIR(..\Code\DeveloperCode\inc;..
                    -\Code\DirverCode\inc;..\Code\Public\inc) DEBUG OBJECTEXTEND PRINT(..\Listing\Timer_Clock.lst) OBJECT(..\Output\Timer_Clo
                    -ck.obj)

line level    source

   1          /* *******************************************************************************************
   2          // Author:      biu~
   3          // Last Date:   2018/03/22
   4          // 基于定时器的时钟；
   5          /* ******************************************************************************************* */
   6          
   7          #include "Timer_Clock.H"
   8          
   9          char Hour = 8,
  10               Min = 25,
  11               Sec = 30;      //时分秒；
  12          u16 Chronograph;    //计时计次；
  13          
  14          /* *******************************************************************************************
  15          // 时间时钟初始化，包括时分秒的初始化及对 计时计次 参数的计算；
  16          /* ******************************************************************************************* */
  17          void Timer_Clock_Init()
  18          {
  19   1          Hour = 8;      //此处时间调节可考虑结合E2PROM；
  20   1          Min = 25;
  21   1          Sec = 0;
  22   1          Chronograph = _1S / TIME_BASE;      
  23   1      }
  24          
  25          /* *******************************************************************************************
  26          // 时间时钟计时函数；
  27          /* ******************************************************************************************* */
  28          void Timer_Clock()
  29          {
  30   1          static u16 cP;
  31   1          if (++ cP >= Chronograph)
  32   1          {
  33   2              cP = 0;
  34   2              if (++ Sec >= 60)
  35   2              {
  36   3                  Sec = 0;
  37   3                  if (++ Min >= 60)
  38   3                  {
  39   4                      Min = 0;
  40   4                      if (++ Hour >= 24)
  41   4                      {
  42   5                          Hour = 0;
  43   5                      }
  44   4                  }
  45   3              }
  46   2          }
  47   1      }


MODULE INFORMATION:   STATIC OVERLAYABLE
   CODE SIZE        =     77    ----
   CONSTANT SIZE    =   ----    ----
   XDATA SIZE       =   ----    ----
C51 COMPILER V9.02   TIMER_CLOCK                                                           03/24/2018 11:29:26 PAGE 2   

   PDATA SIZE       =   ----    ----
   DATA SIZE        =      7    ----
   IDATA SIZE       =   ----    ----
   BIT SIZE         =   ----    ----
END OF MODULE INFORMATION.


C51 COMPILATION COMPLETE.  0 WARNING(S),  0 ERROR(S)
