C51 COMPILER V9.02   UNKNOWN_CATEGORY                                                      03/23/2018 23:24:40 PAGE 1   


C51 COMPILER V9.02, COMPILATION OF MODULE UNKNOWN_CATEGORY
OBJECT MODULE PLACED IN ..\Output\Unknown_Category.obj
COMPILER INVOKED BY: C:\Keil\C51\BIN\C51.EXE ..\Code\DeveloperCode\Unknown_Category.C BROWSE INCDIR(..\Code\DeveloperCod
                    -e\inc;..\Code\DirverCode\inc;..\Code\Public\inc) DEBUG OBJECTEXTEND PRINT(..\Listing\Unknown_Category.lst) OBJECT(..\Out
                    -put\Unknown_Category.obj)

line level    source

   1          /* *******************************************************************************************
   2          // Author: biu~
   3          // 无法明确分类的用户功能函数存放处；
   4          /* ******************************************************************************************* */
   5          
   6          #include "Unknown_Category.H"
   7          
   8          u8 Humidity = 0;                    //湿度；
   9          u8 HumidLimit = DEFAULT_HUMIDLIMIT; //湿度调节阈值；
  10          /* *******************************************************************************************
  11          // 下载检测
  12          /* ******************************************************************************************* */
  13          // ISP区复位：
  14          sfr ISP_CONTR = 0xE7;
  15          void STC_ISP()
  16          {
  17   1          P30 = 1;
  18   1          Delay1US();
  19   1          Delay1US();
  20   1          if (!P30)
  21   1              ISP_CONTR = 0x60;
  22   1      }
  23          
  24          /* *******************************************************************************************
  25          // 将AD值转换为湿度百分比，在中断中调用；
  26          // 无法得到具体参数，默认传感器为线性。
  27          /* ******************************************************************************************* */
  28          void AD_to_Humidity()
  29          {
  30   1          u8 temp_ad;
  31   1          float min_accuracy;
  32   1          temp_ad = Read_PCF8591();
  33   1          if(temp_ad >= H_MAX_to_AD)
  34   1          {
  35   2              Humidity = 99;
  36   2          }
  37   1          else if (temp_ad <= H_MIN_to_AD)
  38   1          {
  39   2              Humidity = 0;
  40   2          }
  41   1          else
  42   1          {
  43   2              min_accuracy = (H_MAX_to_AD - H_MIN_to_AD) / 100;
  44   2      //        Humidity = min_accuracy * (H_MAX_to_AD - temp_ad);
  45   2              Humidity = min_accuracy * (temp_ad - H_MIN_to_AD);      //根据实际情况选择计算公式；
  46   2          }
  47   1      }


MODULE INFORMATION:   STATIC OVERLAYABLE
   CODE SIZE        =     75    ----
   CONSTANT SIZE    =   ----    ----
   XDATA SIZE       =   ----    ----
C51 COMPILER V9.02   UNKNOWN_CATEGORY                                                      03/23/2018 23:24:40 PAGE 2   

   PDATA SIZE       =   ----    ----
   DATA SIZE        =      2       4
   IDATA SIZE       =   ----    ----
   BIT SIZE         =   ----    ----
END OF MODULE INFORMATION.


C51 COMPILATION COMPLETE.  0 WARNING(S),  0 ERROR(S)
